生成启动时间为 2016/3/11 12:28:10。
     1>项目“F:\大三下\高级软件工程与应用\Myapp\Myapp\Myapp.vcxproj”在节点 2 上(build 个目标)。
     1>InitializeBuildStatus:
         正在创建“Debug\Myapp.unsuccessfulbuild”，因为已指定“AlwaysCreate”。
       ClCompile:
         f:\C语言\VC\bin\CL.exe /c /ZI /nologo /W3 /WX- /Od /Oy- /D _MBCS /Gm /EHsc /RTC1 /MDd /GS /fp:precise /Zc:wchar_t /Zc:forScope /Fo"Debug\\" /Fd"Debug\vc100.pdb" /Gd /TP /analyze- /errorReport:prompt Myapp.cpp
         Myapp.cpp
     1>f:\大三下\高级软件工程与应用\myapp\myapp\myapp.cpp(351): warning C4244: “参数”: 从“time_t”转换到“unsigned int”，可能丢失数据
       Link:
         f:\C语言\VC\bin\link.exe /ERRORREPORT:PROMPT /OUT:"F:\大三下\高级软件工程与应用\Myapp\Debug\Myapp.exe" /NOLOGO kernel32.lib user32.lib gdi32.lib winspool.lib comdlg32.lib advapi32.lib shell32.lib ole32.lib oleaut32.lib uuid.lib odbc32.lib odbccp32.lib /MANIFEST /ManifestFile:"Debug\Myapp.exe.intermediate.manifest" /MANIFESTUAC:"level='asInvoker' uiAccess='false'" /DEBUG /PDB:"F:\大三下\高级软件工程与应用\Myapp\Debug\Myapp.pdb" /TLBID:1 /DYNAMICBASE /NXCOMPAT /IMPLIB:"F:\大三下\高级软件工程与应用\Myapp\Debug\Myapp.lib" /MACHINE:X86 Debug\Myapp.obj
         LINK : 没有找到 F:\大三下\高级软件工程与应用\Myapp\Debug\Myapp.exe 或上一个增量链接没有生成它；正在执行完全链接
         Myapp.vcxproj -> F:\大三下\高级软件工程与应用\Myapp\Debug\Myapp.exe
       Manifest:
         C:\Program Files (x86)\Microsoft SDKs\Windows\v7.0A\bin\mt.exe /nologo /verbose /outputresource:"F:\大三下\高级软件工程与应用\Myapp\Debug\Myapp.exe;#1" /manifest Debug\Myapp.exe.intermediate.manifest
       FinalizeBuildStatus:
         正在删除文件“Debug\Myapp.unsuccessfulbuild”。
         正在对“Debug\Myapp.lastbuildstate”执行 Touch 任务。
     1>已完成生成项目“F:\大三下\高级软件工程与应用\Myapp\Myapp\Myapp.vcxproj”(build 个目标)的操作。

生成成功。

已用时间 00:00:02.80
